{"/home/thangngo/Desktop/backoffice/src/core/datePicker/plugins.js": {"path":"/home/thangngo/Desktop/backoffice/src/core/datePicker/plugins.js","statementMap":{"0":{"start":{"line":11,"column":27},"end":{"line":80,"column":1}},"1":{"start":{"line":12,"column":24},"end":{"line":18,"column":3}},"2":{"start":{"line":20,"column":17},"end":{"line":20,"column":19}},"3":{"start":{"line":21,"column":2},"end":{"line":26,"column":3}},"4":{"start":{"line":22,"column":4},"end":{"line":25,"column":29}},"5":{"start":{"line":28,"column":18},"end":{"line":31,"column":3}},"6":{"start":{"line":29,"column":17},"end":{"line":29,"column":44}},"7":{"start":{"line":30,"column":4},"end":{"line":30,"column":33}},"8":{"start":{"line":33,"column":19},"end":{"line":33,"column":43}},"9":{"start":{"line":34,"column":23},"end":{"line":34,"column":43}},"10":{"start":{"line":36,"column":23},"end":{"line":36,"column":55}},"11":{"start":{"line":38,"column":30},"end":{"line":49,"column":3}},"12":{"start":{"line":39,"column":18},"end":{"line":39,"column":61}},"13":{"start":{"line":40,"column":16},"end":{"line":40,"column":41}},"14":{"start":{"line":42,"column":4},"end":{"line":47,"column":5}},"15":{"start":{"line":42,"column":17},"end":{"line":42,"column":20}},"16":{"start":{"line":43,"column":21},"end":{"line":43,"column":53}},"17":{"start":{"line":44,"column":6},"end":{"line":44,"column":23}},"18":{"start":{"line":45,"column":6},"end":{"line":45,"column":22}},"19":{"start":{"line":46,"column":6},"end":{"line":46,"column":39}},"20":{"start":{"line":48,"column":4},"end":{"line":48,"column":38}},"21":{"start":{"line":51,"column":2},"end":{"line":79,"column":4}},"22":{"start":{"line":52,"column":4},"end":{"line":56,"column":6}},"23":{"start":{"line":58,"column":4},"end":{"line":58,"column":41}},"24":{"start":{"line":59,"column":4},"end":{"line":59,"column":38}},"25":{"start":{"line":60,"column":4},"end":{"line":63,"column":7}},"26":{"start":{"line":61,"column":19},"end":{"line":61,"column":69}},"27":{"start":{"line":62,"column":6},"end":{"line":62,"column":26}},"28":{"start":{"line":65,"column":4},"end":{"line":65,"column":48}},"29":{"start":{"line":67,"column":4},"end":{"line":78,"column":6}},"30":{"start":{"line":69,"column":21},"end":{"line":69,"column":42}},"31":{"start":{"line":71,"column":10},"end":{"line":71,"column":59}},"32":{"start":{"line":72,"column":19},"end":{"line":72,"column":41}},"33":{"start":{"line":73,"column":8},"end":{"line":76,"column":10}}},"fnMap":{"0":{"name":"(anonymous_0)","decl":{"start":{"line":11,"column":27},"end":{"line":11,"column":28}},"loc":{"start":{"line":11,"column":51},"end":{"line":80,"column":1}},"line":11},"1":{"name":"(anonymous_1)","decl":{"start":{"line":28,"column":18},"end":{"line":28,"column":19}},"loc":{"start":{"line":28,"column":35},"end":{"line":31,"column":3}},"line":28},"2":{"name":"(anonymous_2)","decl":{"start":{"line":38,"column":30},"end":{"line":38,"column":31}},"loc":{"start":{"line":38,"column":46},"end":{"line":49,"column":3}},"line":38},"3":{"name":"(anonymous_3)","decl":{"start":{"line":51,"column":9},"end":{"line":51,"column":10}},"loc":{"start":{"line":51,"column":23},"end":{"line":79,"column":3}},"line":51},"4":{"name":"(anonymous_4)","decl":{"start":{"line":60,"column":44},"end":{"line":60,"column":45}},"loc":{"start":{"line":60,"column":59},"end":{"line":63,"column":5}},"line":60},"5":{"name":"onReady","decl":{"start":{"line":68,"column":24},"end":{"line":68,"column":31}},"loc":{"start":{"line":68,"column":34},"end":{"line":77,"column":7}},"line":68}},"branchMap":{"0":{"loc":{"start":{"line":23,"column":6},"end":{"line":25,"column":28}},"type":"cond-expr","locations":[{"start":{"line":24,"column":10},"end":{"line":24,"column":27}},{"start":{"line":25,"column":10},"end":{"line":25,"column":28}}],"line":23},"1":{"loc":{"start":{"line":23,"column":6},"end":{"line":23,"column":53}},"type":"binary-expr","locations":[{"start":{"line":23,"column":6},"end":{"line":23,"column":18}},{"start":{"line":23,"column":22},"end":{"line":23,"column":53}}],"line":23}},"s":{"0":0,"1":0,"2":0,"3":0,"4":0,"5":0,"6":0,"7":0,"8":0,"9":0,"10":0,"11":0,"12":0,"13":0,"14":0,"15":0,"16":0,"17":0,"18":0,"19":0,"20":0,"21":0,"22":0,"23":0,"24":0,"25":0,"26":0,"27":0,"28":0,"29":0,"30":0,"31":0,"32":0,"33":0},"f":{"0":0,"1":0,"2":0,"3":0,"4":0,"5":0},"b":{"0":[0,0],"1":[0,0]}}
}
